<?xml version="1.0" encoding="UTF-8"?>
<!-- Generated by org.testng.reporters.JUnitReportReporter -->
<testsuite skipped="0" hostname="DESKTOP-COF0CMN" name="ParallelTest.RedbusData" tests="3" failures="0" timestamp="21 Apr 2020 14:50:41 GMT" time="112.931" errors="0">
  <testcase name="tc1" time="85.453" classname="ParallelTest.RedbusData"/>
  <testcase name="tc1" time="18.410" classname="ParallelTest.RedbusData"/>
  <testcase name="tc1" time="9.068" classname="ParallelTest.RedbusData"/>
</testsuite> <!-- ParallelTest.RedbusData -->
