<?xml version="1.0" encoding="UTF-8"?>
<!-- Generated by org.testng.reporters.JUnitReportReporter -->
<testsuite skipped="0" hostname="DESKTOP-COF0CMN" name="ParallelTest.Dataprovide" tests="3" failures="0" timestamp="18 Apr 2020 06:10:33 GMT" time="63.796" errors="0">
  <testcase name="tc1" time="14.051" classname="ParallelTest.Dataprovide"/>
  <testcase name="tc1" time="33.768" classname="ParallelTest.Dataprovide"/>
  <testcase name="tc1" time="15.977" classname="ParallelTest.Dataprovide"/>
</testsuite> <!-- ParallelTest.Dataprovide -->
