<?xml version="1.0" encoding="UTF-8"?>
<!-- Generated by org.testng.reporters.JUnitReportReporter -->
<testsuite skipped="0" hostname="DESKTOP-COF0CMN" name="ParallelTest.RedbusEdge" tests="3" failures="0" timestamp="21 Apr 2020 14:50:41 GMT" time="126.323" errors="0">
  <testcase name="tc22" time="98.842" classname="ParallelTest.RedbusEdge"/>
  <testcase name="tc22" time="18.403" classname="ParallelTest.RedbusEdge"/>
  <testcase name="tc22" time="9.078" classname="ParallelTest.RedbusEdge"/>
</testsuite> <!-- ParallelTest.RedbusEdge -->
